<?xml version="1.0" encoding="UTF-8"?>
<testsuite xmlns:xsi="http://www.w3.org/2001/XMLSchema-instance" xsi:noNamespaceSchemaLocation="https://maven.apache.org/surefire/maven-surefire-plugin/xsd/surefire-test-report.xsd" name="Parallel10IT" time="0.616" tests="10" errors="10" skipped="0" failures="0">
  <properties>
    <property name="sun.desktop" value="gnome"/>
    <property name="country" value="uk"/>
    <property name="awt.toolkit" value="sun.awt.X11.XToolkit"/>
    <property name="java.specification.version" value="10"/>
    <property name="file.encoding.pkg" value="sun.io"/>
    <property name="sun.cpu.isalist" value=""/>
    <property name="sun.jnu.encoding" value="UTF-8"/>
    <property name="java.class.path" value="/home/automach/GitHub/E2EDVLA/E2EDVLARepo/IDENTITYE2ETest/target/test-classes:/home/automach/GitHub/E2EDVLA/E2EDVLARepo/IDENTITYE2ETest/target/classes:/home/automach/.m2/repository/org/seleniumhq/selenium/selenium-java/3.14.0/selenium-java-3.14.0.jar:/home/automach/.m2/repository/org/seleniumhq/selenium/selenium-chrome-driver/3.14.0/selenium-chrome-driver-3.14.0.jar:/home/automach/.m2/repository/org/seleniumhq/selenium/selenium-edge-driver/3.14.0/selenium-edge-driver-3.14.0.jar:/home/automach/.m2/repository/org/seleniumhq/selenium/selenium-firefox-driver/3.14.0/selenium-firefox-driver-3.14.0.jar:/home/automach/.m2/repository/org/seleniumhq/selenium/selenium-ie-driver/3.14.0/selenium-ie-driver-3.14.0.jar:/home/automach/.m2/repository/org/seleniumhq/selenium/selenium-remote-driver/3.14.0/selenium-remote-driver-3.14.0.jar:/home/automach/.m2/repository/org/seleniumhq/selenium/selenium-safari-driver/3.14.0/selenium-safari-driver-3.14.0.jar:/home/automach/.m2/repository/net/bytebuddy/byte-buddy/1.8.15/byte-buddy-1.8.15.jar:/home/automach/.m2/repository/org/apache/commons/commons-exec/1.3/commons-exec-1.3.jar:/home/automach/.m2/repository/commons-codec/commons-codec/1.10/commons-codec-1.10.jar:/home/automach/.m2/repository/commons-logging/commons-logging/1.2/commons-logging-1.2.jar:/home/automach/.m2/repository/com/google/guava/guava/25.0-jre/guava-25.0-jre.jar:/home/automach/.m2/repository/com/google/code/findbugs/jsr305/1.3.9/jsr305-1.3.9.jar:/home/automach/.m2/repository/org/checkerframework/checker-compat-qual/2.0.0/checker-compat-qual-2.0.0.jar:/home/automach/.m2/repository/com/google/errorprone/error_prone_annotations/2.1.3/error_prone_annotations-2.1.3.jar:/home/automach/.m2/repository/com/google/j2objc/j2objc-annotations/1.1/j2objc-annotations-1.1.jar:/home/automach/.m2/repository/org/codehaus/mojo/animal-sniffer-annotations/1.14/animal-sniffer-annotations-1.14.jar:/home/automach/.m2/repository/org/apache/httpcomponents/httpclient/4.5.5/httpclient-4.5.5.jar:/home/automach/.m2/repository/org/apache/httpcomponents/httpcore/4.4.9/httpcore-4.4.9.jar:/home/automach/.m2/repository/com/squareup/okhttp3/okhttp/3.10.0/okhttp-3.10.0.jar:/home/automach/.m2/repository/com/squareup/okio/okio/1.14.1/okio-1.14.1.jar:/home/automach/.m2/repository/org/seleniumhq/selenium/htmlunit-driver/2.32.1/htmlunit-driver-2.32.1.jar:/home/automach/.m2/repository/net/sourceforge/htmlunit/htmlunit/2.32/htmlunit-2.32.jar:/home/automach/.m2/repository/xalan/xalan/2.7.2/xalan-2.7.2.jar:/home/automach/.m2/repository/xalan/serializer/2.7.2/serializer-2.7.2.jar:/home/automach/.m2/repository/org/apache/commons/commons-text/1.4/commons-text-1.4.jar:/home/automach/.m2/repository/net/sourceforge/htmlunit/htmlunit-core-js/2.32/htmlunit-core-js-2.32.jar:/home/automach/.m2/repository/net/sourceforge/htmlunit/neko-htmlunit/2.32/neko-htmlunit-2.32.jar:/home/automach/.m2/repository/xerces/xercesImpl/2.11.0/xercesImpl-2.11.0.jar:/home/automach/.m2/repository/xml-apis/xml-apis/1.4.01/xml-apis-1.4.01.jar:/home/automach/.m2/repository/net/sourceforge/htmlunit/htmlunit-cssparser/1.1.0/htmlunit-cssparser-1.1.0.jar:/home/automach/.m2/repository/commons-net/commons-net/3.6/commons-net-3.6.jar:/home/automach/.m2/repository/org/eclipse/jetty/websocket/websocket-client/9.4.11.v20180605/websocket-client-9.4.11.v20180605.jar:/home/automach/.m2/repository/org/eclipse/jetty/jetty-client/9.4.11.v20180605/jetty-client-9.4.11.v20180605.jar:/home/automach/.m2/repository/org/eclipse/jetty/jetty-http/9.4.11.v20180605/jetty-http-9.4.11.v20180605.jar:/home/automach/.m2/repository/org/eclipse/jetty/jetty-xml/9.4.11.v20180605/jetty-xml-9.4.11.v20180605.jar:/home/automach/.m2/repository/org/eclipse/jetty/jetty-util/9.4.11.v20180605/jetty-util-9.4.11.v20180605.jar:/home/automach/.m2/repository/org/eclipse/jetty/jetty-io/9.4.11.v20180605/jetty-io-9.4.11.v20180605.jar:/home/automach/.m2/repository/org/eclipse/jetty/websocket/websocket-common/9.4.11.v20180605/websocket-common-9.4.11.v20180605.jar:/home/automach/.m2/repository/org/eclipse/jetty/websocket/websocket-api/9.4.11.v20180605/websocket-api-9.4.11.v20180605.jar:/home/automach/.m2/repository/info/cukes/cucumber-junit/1.2.5/cucumber-junit-1.2.5.jar:/home/automach/.m2/repository/info/cukes/cucumber-core/1.2.5/cucumber-core-1.2.5.jar:/home/automach/.m2/repository/info/cukes/cucumber-html/0.2.3/cucumber-html-0.2.3.jar:/home/automach/.m2/repository/info/cukes/cucumber-jvm-deps/1.0.5/cucumber-jvm-deps-1.0.5.jar:/home/automach/.m2/repository/info/cukes/gherkin/2.12.2/gherkin-2.12.2.jar:/home/automach/.m2/repository/info/cukes/cucumber-picocontainer/1.2.5/cucumber-picocontainer-1.2.5.jar:/home/automach/.m2/repository/info/cukes/cucumber-java/1.2.5/cucumber-java-1.2.5.jar:/home/automach/.m2/repository/org/picocontainer/picocontainer/2.15/picocontainer-2.15.jar:/home/automach/.m2/repository/junit/junit/4.12/junit-4.12.jar:/home/automach/.m2/repository/org/hamcrest/hamcrest-all/1.3/hamcrest-all-1.3.jar:/home/automach/.m2/repository/org/hamcrest/hamcrest-library/1.3/hamcrest-library-1.3.jar:/home/automach/.m2/repository/org/hamcrest/hamcrest-core/1.3/hamcrest-core-1.3.jar:/home/automach/.m2/repository/com/codeborne/phantomjsdriver/1.4.1/phantomjsdriver-1.4.1.jar:/home/automach/.m2/repository/io/github/bonigarcia/webdrivermanager/3.4.0/webdrivermanager-3.4.0.jar:/home/automach/.m2/repository/org/rauschig/jarchivelib/1.0.0/jarchivelib-1.0.0.jar:/home/automach/.m2/repository/org/apache/commons/commons-compress/1.18/commons-compress-1.18.jar:/home/automach/.m2/repository/org/jsoup/jsoup/1.11.3/jsoup-1.11.3.jar:/home/automach/.m2/repository/log4j/log4j/1.2.17/log4j-1.2.17.jar:/home/automach/.m2/repository/commons-io/commons-io/2.6/commons-io-2.6.jar:/home/automach/.m2/repository/com/fasterxml/jackson/core/jackson-annotations/2.9.8/jackson-annotations-2.9.8.jar:/home/automach/.m2/repository/com/google/code/gson/gson/2.8.5/gson-2.8.5.jar:/home/automach/.m2/repository/org/json/json/20180130/json-20180130.jar:/home/automach/.m2/repository/org/apache/commons/commons-lang3/3.8.1/commons-lang3-3.8.1.jar:/home/automach/.m2/repository/com/googlecode/json-simple/json-simple/1.1/json-simple-1.1.jar:/home/automach/.m2/repository/io/rest-assured/rest-assured/3.0.7/rest-assured-3.0.7.jar:/home/automach/.m2/repository/org/codehaus/groovy/groovy/2.4.12/groovy-2.4.12.jar:/home/automach/.m2/repository/org/codehaus/groovy/groovy-xml/2.4.12/groovy-xml-2.4.12.jar:/home/automach/.m2/repository/org/apache/httpcomponents/httpmime/4.5.1/httpmime-4.5.1.jar:/home/automach/.m2/repository/org/ccil/cowan/tagsoup/tagsoup/1.2.1/tagsoup-1.2.1.jar:/home/automach/.m2/repository/io/rest-assured/json-path/3.0.7/json-path-3.0.7.jar:/home/automach/.m2/repository/org/codehaus/groovy/groovy-json/2.4.12/groovy-json-2.4.12.jar:/home/automach/.m2/repository/io/rest-assured/rest-assured-common/3.0.7/rest-assured-common-3.0.7.jar:/home/automach/.m2/repository/io/rest-assured/xml-path/3.0.7/xml-path-3.0.7.jar:/home/automach/.m2/repository/javax/xml/bind/jaxb-api/2.2.12/jaxb-api-2.2.12.jar:/home/automach/.m2/repository/io/rest-assured/json-schema-validator/3.0.7/json-schema-validator-3.0.7.jar:/home/automach/.m2/repository/com/github/fge/json-schema-validator/2.2.6/json-schema-validator-2.2.6.jar:/home/automach/.m2/repository/joda-time/joda-time/2.3/joda-time-2.3.jar:/home/automach/.m2/repository/com/googlecode/libphonenumber/libphonenumber/6.2/libphonenumber-6.2.jar:/home/automach/.m2/repository/com/github/fge/json-schema-core/1.2.5/json-schema-core-1.2.5.jar:/home/automach/.m2/repository/com/github/fge/uri-template/0.9/uri-template-0.9.jar:/home/automach/.m2/repository/com/github/fge/msg-simple/1.1/msg-simple-1.1.jar:/home/automach/.m2/repository/com/github/fge/btf/1.2/btf-1.2.jar:/home/automach/.m2/repository/com/github/fge/jackson-coreutils/1.8/jackson-coreutils-1.8.jar:/home/automach/.m2/repository/com/fasterxml/jackson/core/jackson-databind/2.2.3/jackson-databind-2.2.3.jar:/home/automach/.m2/repository/com/fasterxml/jackson/core/jackson-core/2.2.3/jackson-core-2.2.3.jar:/home/automach/.m2/repository/org/mozilla/rhino/1.7R4/rhino-1.7R4.jar:/home/automach/.m2/repository/javax/mail/mailapi/1.4.3/mailapi-1.4.3.jar:/home/automach/.m2/repository/javax/activation/activation/1.1/activation-1.1.jar:/home/automach/.m2/repository/net/sf/jopt-simple/jopt-simple/4.6/jopt-simple-4.6.jar:/home/automach/.m2/repository/org/codehaus/jackson/jackson-mapper-asl/1.9.10/jackson-mapper-asl-1.9.10.jar:/home/automach/.m2/repository/org/codehaus/jackson/jackson-core-asl/1.9.10/jackson-core-asl-1.9.10.jar:/home/automach/.m2/repository/org/slf4j/slf4j-api/1.7.5/slf4j-api-1.7.5.jar:/home/automach/.m2/repository/org/slf4j/slf4j-log4j12/1.7.5/slf4j-log4j12-1.7.5.jar:/home/automach/.m2/repository/org/seleniumhq/selenium/selenium-api/3.141.59/selenium-api-3.141.59.jar:/home/automach/.m2/repository/org/seleniumhq/selenium/selenium-support/3.141.59/selenium-support-3.141.59.jar:/home/automach/.m2/repository/org/seleniumhq/selenium/selenium-server/3.141.59/selenium-server-3.141.59.jar:/home/automach/.m2/repository/com/beust/jcommander/1.72/jcommander-1.72.jar:/home/automach/.m2/repository/net/jcip/jcip-annotations/1.0/jcip-annotations-1.0.jar:/home/automach/.m2/repository/org/seleniumhq/selenium/jetty-repacked/9.4.12.v20180830/jetty-repacked-9.4.12.v20180830.jar:/home/automach/.m2/repository/javax/servlet/javax.servlet-api/3.1.0/javax.servlet-api-3.1.0.jar:/home/automach/.m2/repository/org/yaml/snakeyaml/1.19/snakeyaml-1.19.jar:/home/automach/.m2/repository/org/seleniumhq/selenium/selenium-opera-driver/3.141.59/selenium-opera-driver-3.141.59.jar:"/>
    <property name="java.vm.vendor" value="Oracle Corporation"/>
    <property name="sun.arch.data.model" value="64"/>
    <property name="java.vendor.url" value="http://java.oracle.com/"/>
    <property name="user.timezone" value=""/>
    <property name="testbed" value="local"/>
    <property name="java.vm.specification.version" value="10"/>
    <property name="os.name" value="Linux"/>
    <property name="sun.java.launcher" value="SUN_STANDARD"/>
    <property name="user.country" value="US"/>
    <property name="sun.boot.library.path" value="/usr/lib/jvm/java-11-openjdk-amd64/lib"/>
    <property name="sun.java.command" value="/home/automach/GitHub/E2EDVLA/E2EDVLARepo/IDENTITYE2ETest/target/surefire/surefirebooter14226029915281279975.jar /home/automach/GitHub/E2EDVLA/E2EDVLARepo/IDENTITYE2ETest/target/surefire 2019-04-14T17-57-14_682-jvmRun3 surefire7883361224516478298tmp surefire_917896009149685705736tmp"/>
    <property name="jdk.debug" value="release"/>
    <property name="surefire.test.class.path" value="/home/automach/GitHub/E2EDVLA/E2EDVLARepo/IDENTITYE2ETest/target/test-classes:/home/automach/GitHub/E2EDVLA/E2EDVLARepo/IDENTITYE2ETest/target/classes:/home/automach/.m2/repository/org/seleniumhq/selenium/selenium-java/3.14.0/selenium-java-3.14.0.jar:/home/automach/.m2/repository/org/seleniumhq/selenium/selenium-chrome-driver/3.14.0/selenium-chrome-driver-3.14.0.jar:/home/automach/.m2/repository/org/seleniumhq/selenium/selenium-edge-driver/3.14.0/selenium-edge-driver-3.14.0.jar:/home/automach/.m2/repository/org/seleniumhq/selenium/selenium-firefox-driver/3.14.0/selenium-firefox-driver-3.14.0.jar:/home/automach/.m2/repository/org/seleniumhq/selenium/selenium-ie-driver/3.14.0/selenium-ie-driver-3.14.0.jar:/home/automach/.m2/repository/org/seleniumhq/selenium/selenium-remote-driver/3.14.0/selenium-remote-driver-3.14.0.jar:/home/automach/.m2/repository/org/seleniumhq/selenium/selenium-safari-driver/3.14.0/selenium-safari-driver-3.14.0.jar:/home/automach/.m2/repository/net/bytebuddy/byte-buddy/1.8.15/byte-buddy-1.8.15.jar:/home/automach/.m2/repository/org/apache/commons/commons-exec/1.3/commons-exec-1.3.jar:/home/automach/.m2/repository/commons-codec/commons-codec/1.10/commons-codec-1.10.jar:/home/automach/.m2/repository/commons-logging/commons-logging/1.2/commons-logging-1.2.jar:/home/automach/.m2/repository/com/google/guava/guava/25.0-jre/guava-25.0-jre.jar:/home/automach/.m2/repository/com/google/code/findbugs/jsr305/1.3.9/jsr305-1.3.9.jar:/home/automach/.m2/repository/org/checkerframework/checker-compat-qual/2.0.0/checker-compat-qual-2.0.0.jar:/home/automach/.m2/repository/com/google/errorprone/error_prone_annotations/2.1.3/error_prone_annotations-2.1.3.jar:/home/automach/.m2/repository/com/google/j2objc/j2objc-annotations/1.1/j2objc-annotations-1.1.jar:/home/automach/.m2/repository/org/codehaus/mojo/animal-sniffer-annotations/1.14/animal-sniffer-annotations-1.14.jar:/home/automach/.m2/repository/org/apache/httpcomponents/httpclient/4.5.5/httpclient-4.5.5.jar:/home/automach/.m2/repository/org/apache/httpcomponents/httpcore/4.4.9/httpcore-4.4.9.jar:/home/automach/.m2/repository/com/squareup/okhttp3/okhttp/3.10.0/okhttp-3.10.0.jar:/home/automach/.m2/repository/com/squareup/okio/okio/1.14.1/okio-1.14.1.jar:/home/automach/.m2/repository/org/seleniumhq/selenium/htmlunit-driver/2.32.1/htmlunit-driver-2.32.1.jar:/home/automach/.m2/repository/net/sourceforge/htmlunit/htmlunit/2.32/htmlunit-2.32.jar:/home/automach/.m2/repository/xalan/xalan/2.7.2/xalan-2.7.2.jar:/home/automach/.m2/repository/xalan/serializer/2.7.2/serializer-2.7.2.jar:/home/automach/.m2/repository/org/apache/commons/commons-text/1.4/commons-text-1.4.jar:/home/automach/.m2/repository/net/sourceforge/htmlunit/htmlunit-core-js/2.32/htmlunit-core-js-2.32.jar:/home/automach/.m2/repository/net/sourceforge/htmlunit/neko-htmlunit/2.32/neko-htmlunit-2.32.jar:/home/automach/.m2/repository/xerces/xercesImpl/2.11.0/xercesImpl-2.11.0.jar:/home/automach/.m2/repository/xml-apis/xml-apis/1.4.01/xml-apis-1.4.01.jar:/home/automach/.m2/repository/net/sourceforge/htmlunit/htmlunit-cssparser/1.1.0/htmlunit-cssparser-1.1.0.jar:/home/automach/.m2/repository/commons-net/commons-net/3.6/commons-net-3.6.jar:/home/automach/.m2/repository/org/eclipse/jetty/websocket/websocket-client/9.4.11.v20180605/websocket-client-9.4.11.v20180605.jar:/home/automach/.m2/repository/org/eclipse/jetty/jetty-client/9.4.11.v20180605/jetty-client-9.4.11.v20180605.jar:/home/automach/.m2/repository/org/eclipse/jetty/jetty-http/9.4.11.v20180605/jetty-http-9.4.11.v20180605.jar:/home/automach/.m2/repository/org/eclipse/jetty/jetty-xml/9.4.11.v20180605/jetty-xml-9.4.11.v20180605.jar:/home/automach/.m2/repository/org/eclipse/jetty/jetty-util/9.4.11.v20180605/jetty-util-9.4.11.v20180605.jar:/home/automach/.m2/repository/org/eclipse/jetty/jetty-io/9.4.11.v20180605/jetty-io-9.4.11.v20180605.jar:/home/automach/.m2/repository/org/eclipse/jetty/websocket/websocket-common/9.4.11.v20180605/websocket-common-9.4.11.v20180605.jar:/home/automach/.m2/repository/org/eclipse/jetty/websocket/websocket-api/9.4.11.v20180605/websocket-api-9.4.11.v20180605.jar:/home/automach/.m2/repository/info/cukes/cucumber-junit/1.2.5/cucumber-junit-1.2.5.jar:/home/automach/.m2/repository/info/cukes/cucumber-core/1.2.5/cucumber-core-1.2.5.jar:/home/automach/.m2/repository/info/cukes/cucumber-html/0.2.3/cucumber-html-0.2.3.jar:/home/automach/.m2/repository/info/cukes/cucumber-jvm-deps/1.0.5/cucumber-jvm-deps-1.0.5.jar:/home/automach/.m2/repository/info/cukes/gherkin/2.12.2/gherkin-2.12.2.jar:/home/automach/.m2/repository/info/cukes/cucumber-picocontainer/1.2.5/cucumber-picocontainer-1.2.5.jar:/home/automach/.m2/repository/info/cukes/cucumber-java/1.2.5/cucumber-java-1.2.5.jar:/home/automach/.m2/repository/org/picocontainer/picocontainer/2.15/picocontainer-2.15.jar:/home/automach/.m2/repository/junit/junit/4.12/junit-4.12.jar:/home/automach/.m2/repository/org/hamcrest/hamcrest-all/1.3/hamcrest-all-1.3.jar:/home/automach/.m2/repository/org/hamcrest/hamcrest-library/1.3/hamcrest-library-1.3.jar:/home/automach/.m2/repository/org/hamcrest/hamcrest-core/1.3/hamcrest-core-1.3.jar:/home/automach/.m2/repository/com/codeborne/phantomjsdriver/1.4.1/phantomjsdriver-1.4.1.jar:/home/automach/.m2/repository/io/github/bonigarcia/webdrivermanager/3.4.0/webdrivermanager-3.4.0.jar:/home/automach/.m2/repository/org/rauschig/jarchivelib/1.0.0/jarchivelib-1.0.0.jar:/home/automach/.m2/repository/org/apache/commons/commons-compress/1.18/commons-compress-1.18.jar:/home/automach/.m2/repository/org/jsoup/jsoup/1.11.3/jsoup-1.11.3.jar:/home/automach/.m2/repository/log4j/log4j/1.2.17/log4j-1.2.17.jar:/home/automach/.m2/repository/commons-io/commons-io/2.6/commons-io-2.6.jar:/home/automach/.m2/repository/com/fasterxml/jackson/core/jackson-annotations/2.9.8/jackson-annotations-2.9.8.jar:/home/automach/.m2/repository/com/google/code/gson/gson/2.8.5/gson-2.8.5.jar:/home/automach/.m2/repository/org/json/json/20180130/json-20180130.jar:/home/automach/.m2/repository/org/apache/commons/commons-lang3/3.8.1/commons-lang3-3.8.1.jar:/home/automach/.m2/repository/com/googlecode/json-simple/json-simple/1.1/json-simple-1.1.jar:/home/automach/.m2/repository/io/rest-assured/rest-assured/3.0.7/rest-assured-3.0.7.jar:/home/automach/.m2/repository/org/codehaus/groovy/groovy/2.4.12/groovy-2.4.12.jar:/home/automach/.m2/repository/org/codehaus/groovy/groovy-xml/2.4.12/groovy-xml-2.4.12.jar:/home/automach/.m2/repository/org/apache/httpcomponents/httpmime/4.5.1/httpmime-4.5.1.jar:/home/automach/.m2/repository/org/ccil/cowan/tagsoup/tagsoup/1.2.1/tagsoup-1.2.1.jar:/home/automach/.m2/repository/io/rest-assured/json-path/3.0.7/json-path-3.0.7.jar:/home/automach/.m2/repository/org/codehaus/groovy/groovy-json/2.4.12/groovy-json-2.4.12.jar:/home/automach/.m2/repository/io/rest-assured/rest-assured-common/3.0.7/rest-assured-common-3.0.7.jar:/home/automach/.m2/repository/io/rest-assured/xml-path/3.0.7/xml-path-3.0.7.jar:/home/automach/.m2/repository/javax/xml/bind/jaxb-api/2.2.12/jaxb-api-2.2.12.jar:/home/automach/.m2/repository/io/rest-assured/json-schema-validator/3.0.7/json-schema-validator-3.0.7.jar:/home/automach/.m2/repository/com/github/fge/json-schema-validator/2.2.6/json-schema-validator-2.2.6.jar:/home/automach/.m2/repository/joda-time/joda-time/2.3/joda-time-2.3.jar:/home/automach/.m2/repository/com/googlecode/libphonenumber/libphonenumber/6.2/libphonenumber-6.2.jar:/home/automach/.m2/repository/com/github/fge/json-schema-core/1.2.5/json-schema-core-1.2.5.jar:/home/automach/.m2/repository/com/github/fge/uri-template/0.9/uri-template-0.9.jar:/home/automach/.m2/repository/com/github/fge/msg-simple/1.1/msg-simple-1.1.jar:/home/automach/.m2/repository/com/github/fge/btf/1.2/btf-1.2.jar:/home/automach/.m2/repository/com/github/fge/jackson-coreutils/1.8/jackson-coreutils-1.8.jar:/home/automach/.m2/repository/com/fasterxml/jackson/core/jackson-databind/2.2.3/jackson-databind-2.2.3.jar:/home/automach/.m2/repository/com/fasterxml/jackson/core/jackson-core/2.2.3/jackson-core-2.2.3.jar:/home/automach/.m2/repository/org/mozilla/rhino/1.7R4/rhino-1.7R4.jar:/home/automach/.m2/repository/javax/mail/mailapi/1.4.3/mailapi-1.4.3.jar:/home/automach/.m2/repository/javax/activation/activation/1.1/activation-1.1.jar:/home/automach/.m2/repository/net/sf/jopt-simple/jopt-simple/4.6/jopt-simple-4.6.jar:/home/automach/.m2/repository/org/codehaus/jackson/jackson-mapper-asl/1.9.10/jackson-mapper-asl-1.9.10.jar:/home/automach/.m2/repository/org/codehaus/jackson/jackson-core-asl/1.9.10/jackson-core-asl-1.9.10.jar:/home/automach/.m2/repository/org/slf4j/slf4j-api/1.7.5/slf4j-api-1.7.5.jar:/home/automach/.m2/repository/org/slf4j/slf4j-log4j12/1.7.5/slf4j-log4j12-1.7.5.jar:/home/automach/.m2/repository/org/seleniumhq/selenium/selenium-api/3.141.59/selenium-api-3.141.59.jar:/home/automach/.m2/repository/org/seleniumhq/selenium/selenium-support/3.141.59/selenium-support-3.141.59.jar:/home/automach/.m2/repository/org/seleniumhq/selenium/selenium-server/3.141.59/selenium-server-3.141.59.jar:/home/automach/.m2/repository/com/beust/jcommander/1.72/jcommander-1.72.jar:/home/automach/.m2/repository/net/jcip/jcip-annotations/1.0/jcip-annotations-1.0.jar:/home/automach/.m2/repository/org/seleniumhq/selenium/jetty-repacked/9.4.12.v20180830/jetty-repacked-9.4.12.v20180830.jar:/home/automach/.m2/repository/javax/servlet/javax.servlet-api/3.1.0/javax.servlet-api-3.1.0.jar:/home/automach/.m2/repository/org/yaml/snakeyaml/1.19/snakeyaml-1.19.jar:/home/automach/.m2/repository/org/seleniumhq/selenium/selenium-opera-driver/3.141.59/selenium-opera-driver-3.141.59.jar:"/>
    <property name="sun.cpu.endian" value="little"/>
    <property name="user.home" value="/home/automach"/>
    <property name="user.language" value="en"/>
    <property name="java.specification.vendor" value="Oracle Corporation"/>
    <property name="java.version.date" value="2018-07-17"/>
    <property name="java.home" value="/usr/lib/jvm/java-11-openjdk-amd64"/>
    <property name="file.separator" value="/"/>
    <property name="basedir" value="/home/automach/GitHub/E2EDVLA/E2EDVLARepo/IDENTITYE2ETest"/>
    <property name="java.vm.compressedOopsMode" value="32-bit"/>
    <property name="line.separator" value="&#10;"/>
    <property name="java.specification.name" value="Java Platform API Specification"/>
    <property name="java.vm.specification.vendor" value="Oracle Corporation"/>
    <property name="java.awt.graphicsenv" value="sun.awt.X11GraphicsEnvironment"/>
    <property name="surefire.real.class.path" value="/home/automach/GitHub/E2EDVLA/E2EDVLARepo/IDENTITYE2ETest/target/surefire/surefirebooter14226029915281279975.jar"/>
    <property name="sun.management.compiler" value="HotSpot 64-Bit Tiered Compilers"/>
    <property name="java.runtime.version" value="10.0.2+13-Ubuntu-1ubuntu0.18.04.4"/>
    <property name="user.name" value="automach"/>
    <property name="path.separator" value=":"/>
    <property name="os.version" value="4.15.0-47-generic"/>
    <property name="java.runtime.name" value="OpenJDK Runtime Environment"/>
    <property name="file.encoding" value="UTF-8"/>
    <property name="java.vm.name" value="OpenJDK 64-Bit Server VM"/>
    <property name="bsuser" value="browserstack username placeholder"/>
    <property name="localRepository" value="/home/automach/.m2/repository"/>
    <property name="java.vendor.url.bug" value="http://bugreport.java.com/bugreport/"/>
    <property name="java.io.tmpdir" value="/tmp"/>
    <property name="java.version" value="10.0.2"/>
    <property name="user.dir" value="/home/automach/GitHub/E2EDVLA/E2EDVLARepo/IDENTITYE2ETest"/>
    <property name="os.arch" value="amd64"/>
    <property name="java.vm.specification.name" value="Java Virtual Machine Specification"/>
    <property name="java.awt.printerjob" value="sun.print.PSPrinterJob"/>
    <property name="env" value="staging"/>
    <property name="sun.os.patch.level" value="unknown"/>
    <property name="headless" value="false"/>
    <property name="java.library.path" value="/usr/java/packages/lib:/usr/lib/x86_64-linux-gnu/jni:/lib/x86_64-linux-gnu:/usr/lib/x86_64-linux-gnu:/usr/lib/jni:/lib:/usr/lib"/>
    <property name="java.vendor" value="Oracle Corporation"/>
    <property name="java.vm.info" value="mixed mode"/>
    <property name="bskey" value="browserstack key placeholder"/>
    <property name="java.vm.version" value="10.0.2+13-Ubuntu-1ubuntu0.18.04.4"/>
    <property name="sun.io.unicode.encoding" value="UnicodeLittle"/>
    <property name="java.class.version" value="54.0"/>
  </properties>
  <testcase name="Given I am on the DVLAs Vehicles Information Page" classname="| file7.csv |" time="0.03">
    <error message="TODO: implement me" type="cucumber.api.PendingException">cucumber.api.PendingException: TODO: implement me
</error>
    <system-out><![CDATA[@regression
Feature: Validating the details of a vehicle from the DVLA website
  As a user
  I want to be able to input the registration number of a vehicle on the DVLA website
  So that I can validate the authenticity of the vehicle

  Scenario Outline: Search for valid vehicle registration number read from CSV files using the below <file-name> examples # /home/automach/GitHub/E2EDVLA/E2EDVLARepo/IDENTITYE2ETest/src/test/resources/Features/VehicleSearch.feature:25
    When I get test data from CSV file <file-name>
    And I enter a valid vehicle registration number on the searchField and click to continue
    Then I should be able to see the vehicle's make and colour for each registration number entered

    Examples: 
]]></system-out>
  </testcase>
  <testcase name="| file7.csv |" classname="| file7.csv |" time="0.073">
    <error message="TODO: implement me" type="cucumber.api.PendingException">cucumber.api.PendingException: TODO: implement me
</error>
  </testcase>
  <testcase name="| file7.csv |" classname="| file7.csv |" time="0.047">
    <error message="TODO: implement me" type="cucumber.api.PendingException">cucumber.api.PendingException: TODO: implement me
</error>
  </testcase>
  <testcase name="| file7.csv |" classname="| file7.csv |" time="0.025">
    <error message="TODO: implement me" type="cucumber.api.PendingException">cucumber.api.PendingException: TODO: implement me
</error>
  </testcase>
  <testcase name="| file7.csv |" classname="| file7.csv |" time="0.002">
    <error message="TODO: implement me" type="cucumber.api.PendingException">cucumber.api.PendingException: TODO: implement me
</error>
  </testcase>
  <testcase name="| file7.csv |" classname="| file7.csv |" time="0.083">
    <error message="TODO: implement me" type="cucumber.api.PendingException">cucumber.api.PendingException: TODO: implement me
</error>
  </testcase>
  <testcase name="And I proceed with checking specific details of vehicles as below:" classname="| file7.csv |" time="0.002">
    <error message="TODO: implement me" type="cucumber.api.PendingException">cucumber.api.PendingException: TODO: implement me
</error>
  </testcase>
  <testcase name="When I get test data from CSV file file7.csv" classname="| file7.csv |" time="0.024">
    <error message="TODO: implement me" type="cucumber.api.PendingException">cucumber.api.PendingException: TODO: implement me
</error>
    <system-out><![CDATA[
  Background:                                                          # /home/automach/GitHub/E2EDVLA/E2EDVLARepo/IDENTITYE2ETest/src/test/resources/Features/VehicleSearch.feature:7
    Given I am on the DVLAs Vehicles Information Page
    And I proceed with checking specific details of vehicles as below:
]]></system-out>
  </testcase>
  <testcase name="And I enter a valid vehicle registration number on the searchField and click to continue" classname="| file7.csv |" time="0.002">
    <error message="TODO: implement me" type="cucumber.api.PendingException">cucumber.api.PendingException: TODO: implement me
</error>
  </testcase>
  <testcase name="Then I should be able to see the vehicle&apos;s make and colour for each registration number entered" classname="| file7.csv |" time="0.082">
    <error message="TODO: implement me" type="cucumber.api.PendingException">cucumber.api.PendingException: TODO: implement me
</error>
  </testcase>
</testsuite>